============================= test session starts ==============================
platform darwin -- Python 3.13.13, pytest-9.0.3, pluggy-1.6.0 -- /Users/tobiasgaitangallego/Bot-TiendaLasMotos/.venv/bin/python3
cachedir: .pytest_cache
rootdir: /Users/tobiasgaitangallego/Bot-TiendaLasMotos
configfile: pytest.ini
plugins: asyncio-1.3.0, anyio-4.13.0
asyncio: mode=Mode.AUTO, debug=False, asyncio_default_fixture_loop_scope=None, asyncio_default_test_loop_scope=function
collecting ... collected 380 items

scripts/test_intent_evaluator.py::test_intent_evaluator SKIPPED (Dep...) [  0%]
scripts/test_memory_restoration.py::test_create_prospect_initializes_pending_status PASSED [  0%]
scripts/test_memory_restoration.py::test_transition_pending_to_in_progress PASSED [  0%]
scripts/test_memory_restoration.py::test_update_whatsapp_status_top_level_sync PASSED [  1%]
scripts/test_memory_survey_state.py::test_survey_state_integration SKIPPED [  1%]
scripts/test_phone_normalization.py::test_phone_normalization PASSED     [  1%]
scripts/test_v25_audio.py::test_audio_pipeline PASSED                    [  1%]
tests/test_adversarial_security.py::TestAdversarialSecurity::test_prompt_injection_ai_brain_logging PASSED [  2%]
tests/test_adversarial_security.py::TestAdversarialSecurity::test_prompt_injection_judge_service_logging PASSED [  2%]
tests/test_agentic_loop_async.py::test_agentic_orchestrator_sandbox_async PASSED [  2%]
tests/test_agentic_loop_async.py::test_agentic_orchestrator_checker PASSED [  2%]
tests/test_agentic_loop_async.py::test_ai_brain_validation_retry PASSED  [  3%]
tests/test_agentic_loop_async.py::TestEvaluateProfileEmptyFirestoreConfig::test_evaluate_profile_empty_partners_no_exception PASSED [  3%]
tests/test_agentic_loop_async.py::TestEvaluateProfileEmptyFirestoreConfig::test_evaluate_profile_empty_partners_returns_valid_dict PASSED [  3%]
tests/test_agentic_loop_async.py::TestEvaluateProfileEmptyFirestoreConfig::test_evaluate_profile_empty_partners_link_url_is_string_or_none PASSED [  3%]
tests/test_agentic_loop_async.py::TestEvaluateProfileEmptyFirestoreConfig::test_evaluate_profile_empty_partners_score_is_numeric PASSED [  4%]
tests/test_agentic_loop_async.py::TestEvaluateProfileEmptyFirestoreConfig::test_full_quota_flow_empty_config_cuota_mayor_cero PASSED [  4%]
tests/test_agentic_loop_async.py::TestEvaluateProfileEmptyFirestoreConfig::test_evaluate_profile_partners_exception_no_crash PASSED [  4%]
tests/test_agentic_loop_async.py::TestEvaluateProfileEmptyFirestoreConfig::test_link_brilla_property_empty_partners_no_crash PASSED [  5%]
tests/test_agentic_loop_async.py::TestEvaluateProfileEmptyFirestoreConfig::test_link_brilla_property_exception_no_crash PASSED [  5%]
tests/test_agentic_loop_async.py::test_meta_payload_leak_prevention_and_bypass PASSED [  5%]
tests/test_agentic_loop_async.py::test_alias_pure_catalog_invocation PASSED [  5%]
tests/test_agentic_loop_async.py::test_whatsapp_reaction_payload_processing PASSED [  6%]
tests/test_agentic_loop_async.py::test_cerebro_ia_scoring_service_direct_alignment PASSED [  6%]
tests/test_agentic_loop_async.py::test_clean_text_message_bypasses_reaction_interceptor_and_preserves_difflib_matching PASSED [  6%]
tests/test_agentic_loop_async.py::test_concurrency_stress_phonetic_boser PASSED [  6%]
tests/test_agentic_loop_async.py::test_whatsapp_reaction_payload_direct_legal_acceptance PASSED [  7%]
tests/test_agentic_loop_async.py::test_handle_message_background_session_locks PASSED [  7%]
tests/test_agentic_loop_async.py::test_faq_unified_knowledge_restoration PASSED [  7%]
tests/test_agentic_loop_async.py::test_whatsapp_image_url_with_complex_query_params_regression PASSED [  7%]
tests/test_agentic_loop_async.py::test_incoming_image_webhook_egress_unification PASSED [  8%]
tests/test_agentic_loop_async.py::test_catalog_tokenizer_ngrams_characterization PASSED [  8%]
tests/test_agentic_loop_async.py::test_catalog_category_alias_recovery PASSED [  8%]
tests/test_agentic_loop_async.py::test_catalog_generic_stopword_stripping PASSED [  8%]
tests/test_agentic_loop_async.py::test_consecutive_catalog_search_suppresses_greeting PASSED [  9%]
tests/test_agentic_loop_async.py::test_assemble_skip_greeting_prompt_rewrites_paso1 PASSED [  9%]
tests/test_agentic_loop_async.py::test_category_to_specific_model_transition_no_fallback PASSED [  9%]
tests/test_agentic_loop_async.py::test_perimeter_short_tokens_and_greeting_bypass PASSED [ 10%]
tests/test_ai_adapter.py::test_case_1_large_message_no_anchor PASSED     [ 10%]
tests/test_ai_adapter.py::test_case_2_short_message_with_anchor PASSED   [ 10%]
tests/test_ai_adapter.py::test_case_3_raw_text_for_interceptor PASSED    [ 10%]
tests/test_api_bounds.py::test_webhook_signature_missing PASSED          [ 11%]
tests/test_api_bounds.py::test_webhook_signature_invalid PASSED          [ 11%]
tests/test_api_bounds.py::test_webhook_signature_valid PASSED            [ 11%]
tests/test_api_bounds.py::test_template_components_payload_sanity PASSED [ 11%]
tests/test_api_bounds.py::test_pcc_ficha_tecnica_content_assertion PASSED [ 12%]
tests/test_audio_regression.py::test_audio_regression_last_bot_question_injection PASSED [ 12%]
tests/test_audio_regression.py::test_audio_lineage_post_reset_no_desertion PASSED [ 12%]
tests/test_audio_regression.py::test_audio_service_live_integration PASSED [ 12%]
tests/test_audio_regression.py::test_audio_fuzzy_alignment_rader PASSED  [ 13%]
tests/test_bot_bug_040.py::TestCatalogAntiNullMaskingResilience::test_corrupted_item_skipped_without_crash PASSED [ 13%]
tests/test_bot_bug_040.py::TestCatalogAntiNullMaskingResilience::test_no_crash_with_all_items_corrupted PASSED [ 13%]
tests/test_bot_bug_040.py::TestUpdateWhatsappStatusGRPCResilience::test_grpc_service_unavailable_does_not_raise PASSED [ 13%]
tests/test_bot_bug_040.py::TestUpdateWhatsappStatusGRPCResilience::test_timeout_error_does_not_raise PASSED [ 14%]
tests/test_bot_bug_040.py::TestFichaTecnicaContentAssertion::test_ficha_tecnica_present_for_valid_items PASSED [ 14%]
tests/test_bot_bug_040.py::TestFichaTecnicaContentAssertion::test_ficha_tecnica_absent_when_only_corrupted PASSED [ 14%]
tests/test_bot_bug_044.py::test_firestore_io_explicit_raise PASSED       [ 15%]
tests/test_bot_bug_044.py::test_ficha_tecnica_content_assertion PASSED   [ 15%]
tests/test_bot_bug_044_rev2.py::test_judge_service_profiling_blind_simulation PASSED [ 15%]
tests/test_bot_bug_109.py::test_pensar_respuesta_with_none_prospect_data PASSED [ 15%]
tests/test_bot_bug_109.py::test_pcc_ficha_tecnica_content_assertion PASSED [ 16%]
tests/test_brilla_conmutacion.py::test_extraction_schema_contains_cedula_usuario PASSED [ 16%]
tests/test_brilla_conmutacion.py::test_crediorbe_interception_blocks_link_and_injects_contingency PASSED [ 16%]
tests/test_brilla_conmutacion.py::test_crediorbe_interception_direct_value PASSED [ 16%]
tests/test_brilla_conmutacion.py::test_financial_service_default_entity_is_brilla PASSED [ 17%]
tests/test_brilla_conmutacion.py::test_unified_catalog_keys_interception PASSED [ 17%]
tests/test_campaign_admin.py::test_campaign_orchestrator_failure_isolation PASSED [ 17%]
tests/test_catalog_double_buffer.py::TestCatalogDoubleBuffer::test_load_catalog_preserves_memory_state_on_error PASSED [ 17%]
tests/test_catalog_fuzzy.py::TestCatalogFuzzy::test_fuzzy_identity_escalation_raidr PASSED [ 18%]
tests/test_catalog_fuzzy.py::TestCatalogFuzzy::test_fuzzy_identity_escalation_rider PASSED [ 18%]
tests/test_catalog_fuzzy.py::TestCatalogFuzzy::test_fuzzy_match_rayder_to_raider PASSED [ 18%]
tests/test_catalog_initialization_sync.py::TestCatalogInitializationSync::test_catalog_initialization_failure_raises_runtime_error_when_aliases_empty PASSED [ 18%]
tests/test_catalog_initialization_sync.py::TestCatalogInitializationSync::test_catalog_initializes_correctly_with_injected_config_loader PASSED [ 19%]
tests/test_catalog_initialization_sync.py::TestCatalogInitializationSync::test_catalog_initializes_without_config_loader_using_empty_aliases PASSED [ 19%]
tests/test_catalog_initialization_sync.py::TestCatalogInitializationSync::test_config_loader_attribute_initialized_to_none PASSED [ 19%]
tests/test_catalog_initialization_sync.py::TestCatalogInitializationSync::test_initialize_stores_injected_config_loader PASSED [ 20%]
tests/test_catalog_price_bonus.py::TestCatalogPriceBonus::test_get_active_bonus_info PASSED [ 20%]
tests/test_catalog_price_bonus.py::TestCatalogPriceBonus::test_load_catalog_extracts_canonical_price_and_bonus PASSED [ 20%]
tests/test_catalog_price_bonus.py::TestCatalogPriceBonus::test_search_catalog_markdown_mutation PASSED [ 20%]
tests/test_catalog_price_bonus.py::TestCatalogPriceBonus::test_search_items_serialization_of_bonus PASSED [ 21%]
tests/test_catalog_scoring.py::TestCatalogScoring::test_competitor_brand_resolution_nkd PASSED [ 21%]
tests/test_catalog_scoring.py::TestCatalogScoring::test_hard_lock_tvs_sport PASSED [ 21%]
tests/test_catalog_scoring.py::TestCatalogScoring::test_identity_preservation_raider PASSED [ 21%]
tests/test_catalog_scoring.py::TestCatalogScoring::test_intent_bonus_trabajo PASSED [ 22%]
tests/test_catalog_scoring.py::TestCatalogScoring::test_multiplier_logic PASSED [ 22%]
tests/test_catalog_scoring.py::TestCatalogScoring::test_numeric_collision_prevention PASSED [ 22%]
tests/test_catalog_scoring.py::TestCatalogScoring::test_searchby_token_forces_identity_match PASSED [ 22%]
tests/test_chaos_firestore.py::test_firestore_2s_latency_still_responds PASSED [ 23%]
tests/test_chaos_firestore.py::test_firestore_timeout_triggers_contingency PASSED [ 23%]
tests/test_characterization_etapa1.py::test_ch1_task_processor_duplicate_delivery_exactly_once PASSED [ 23%]
tests/test_characterization_etapa1.py::test_rf1_claim_released_on_processing_failure_allows_retry PASSED [ 23%]
tests/test_characterization_etapa1.py::test_rf1_memory_service_claim_create_only_semantics PASSED [ 24%]
tests/test_characterization_etapa1.py::test_ch2_ingress_dedup_governs_cloud_tasks_enqueue PASSED [ 24%]
tests/test_characterization_etapa1.py::test_ch3_transitional_crm_sequence_order_text_branch PASSED [ 24%]
tests/test_characterization_etapa1.py::test_ch4_ponytail_deprioritized_after_human_help_on_handoff PASSED [ 25%]
tests/test_characterization_etapa1.py::test_ch5_unified_egress_single_persistence_and_send PASSED [ 25%]
tests/test_competitor_cache.py::test_competitor_cache_hit_warning_injection PASSED [ 25%]
tests/test_competitor_cache.py::test_competitor_no_duplication_warning PASSED [ 25%]
tests/test_competitor_cache.py::test_hot_mutated_competitor_brands PASSED [ 26%]
tests/test_competitor_protocol.py::TestCompetitorProtocol::test_determine_phase_allows_competitor_if_alternative_confirmed PASSED [ 26%]
tests/test_competitor_protocol.py::TestCompetitorProtocol::test_determine_phase_allows_friendly_brand PASSED [ 26%]
tests/test_competitor_protocol.py::TestCompetitorProtocol::test_determine_phase_blocks_competitor PASSED [ 26%]
tests/test_config_startup.py::TestConfigStartup::test_settings_raises_runtime_error_when_whatsapp_token_absent PASSED [ 27%]
tests/test_config_startup.py::TestConfigStartup::test_settings_raises_runtime_error_when_phone_number_id_absent PASSED [ 27%]
tests/test_config_startup.py::TestConfigStartup::test_settings_boots_successfully_with_full_pool PASSED [ 27%]
tests/test_config_startup.py::TestConfigStartup::test_settings_strip_whitespace_does_not_cause_false_absence PASSED [ 27%]
tests/test_config_startup.py::TestConfigStartup::test_settings_raises_for_insecure_default_values PASSED [ 28%]
tests/test_drift_alias_bypass.py::test_drift_alias_bypass_senoritera_cold_start PASSED [ 28%]
tests/test_drift_alias_bypass.py::test_drift_alias_blocked_senoriter_cold_start PASSED [ 28%]
tests/test_drift_alias_bypass.py::test_drift_alias_bypass_cold_start PASSED [ 28%]
tests/test_drift_alias_bypass.py::test_drift_normal_search_cold_start PASSED [ 29%]
tests/test_drift_alias_bypass.py::test_drift_alias_bypass_compound_interest PASSED [ 29%]
tests/test_eventloop_latency.py::test_webhook_response_within_meta_window PASSED [ 29%]
tests/test_eventloop_latency.py::test_typing_delay_cap PASSED            [ 30%]
tests/test_financial_fallback.py::TestCalculatePaymentFallback::test_partners_vacio_no_retorna_none PASSED [ 30%]
tests/test_financial_fallback.py::TestCalculatePaymentFallback::test_partners_vacio_retorna_cuota_mensual PASSED [ 30%]
tests/test_financial_fallback.py::TestCalculatePaymentFallback::test_partners_vacio_cuota_mayor_cero PASSED [ 30%]
tests/test_financial_fallback.py::TestCalculatePaymentFallback::test_config_roto_no_retorna_none PASSED [ 31%]
tests/test_financial_fallback.py::TestCalculatePaymentFallback::test_config_roto_retorna_cuota_coherente PASSED [ 31%]
tests/test_financial_fallback.py::TestCalculatePaymentFallback::test_config_roto_error_registrado_en_dict PASSED [ 31%]
tests/test_financial_fallback.py::TestCalculatePaymentFallback::test_doble_fallo_no_retorna_none PASSED [ 31%]
tests/test_financial_fallback.py::TestCalculatePaymentFallback::test_doble_fallo_cuota_mensual_presente_y_float PASSED [ 32%]
tests/test_financial_fallback.py::TestCalculatePaymentFallback::test_plazo_36_con_partners_vacio PASSED [ 32%]
tests/test_financial_fallback.py::TestCalculatePaymentFallback::test_plazo_48_con_partners_vacio PASSED [ 32%]
tests/test_habeas_data_regression.py::TestHabeasDataRegression::test_phase_allowed_with_sent_and_accepted PASSED [ 32%]
tests/test_habeas_data_regression.py::TestHabeasDataRegression::test_phase_block_without_physical_link PASSED [ 33%]
tests/test_habeas_data_regression.py::TestHabeasDataRegression::test_phase_block_without_sent_flag PASSED [ 33%]
tests/test_habeas_data_regression.py::TestHabeasDataRegression::test_strict_negative_bias_extraction PASSED [ 33%]
tests/test_habeas_emoji.py::test_habeas_data_accepted_emoji_extraction PASSED [ 33%]
tests/test_habeas_emoji.py::test_habeas_data_accepted_various_truthy PASSED [ 34%]
tests/test_habeas_emoji.py::test_habeas_data_accepted_falsy_and_edge_cases PASSED [ 34%]
tests/test_habeas_emoji.py::test_moto_interest_key_sanitization PASSED   [ 34%]
tests/test_health_check.py::test_health_check_with_uninitialized_state PASSED [ 35%]
tests/test_health_check.py::test_health_check_with_initialized_state PASSED [ 35%]
tests/test_identity_gate.py::TestIdentityHardGate::test_gate_blocks_name_question_if_present PASSED [ 35%]
tests/test_identity_gate.py::TestIdentityHardGate::test_regex_is_still_gone PASSED [ 35%]
tests/test_identity_legal_gate.py::TestIdentityLegalGate::test_consecutive_out_of_catalog_query_suppresses_greeting PASSED [ 36%]
tests/test_identity_legal_gate.py::TestIdentityLegalGate::test_cuota_exacta_enganche_assertion PASSED [ 36%]
tests/test_identity_legal_gate.py::TestIdentityLegalGate::test_first_contact_with_saved_message_no_bypass PASSED [ 36%]
tests/test_identity_legal_gate.py::TestIdentityLegalGate::test_first_interaction_always_greets PASSED [ 36%]
tests/test_identity_legal_gate.py::TestIdentityLegalGate::test_first_interaction_always_greets_brain PASSED [ 37%]
tests/test_identity_legal_gate.py::TestIdentityLegalGate::test_image_routing_clean_moto_description 
tests/test_identity_legal_gate.py::TestIdentityLegalGate::test_image_routing_clean_moto_description PASSED [ 37%]
tests/test_identity_legal_gate.py::TestIdentityLegalGate::test_image_routing_legacy_moto_token PASSED [ 37%]
tests/test_identity_legal_gate.py::TestIdentityLegalGate::test_image_routing_null_response_triggers_exception PASSED [ 37%]
tests/test_identity_legal_gate.py::TestIdentityLegalGate::test_phase_3_transition_with_consent_and_identity PASSED [ 38%]
tests/test_identity_legal_gate.py::TestIdentityLegalGate::test_sticker_affirmative_normalization_to_si PASSED [ 38%]
tests/test_identity_legal_gate.py::TestIdentityLegalGate::test_strict_retention_in_phase_2_without_identity PASSED [ 38%]
tests/test_identity_legal_gate.py::TestIdentityLegalGate::test_welcome_flow_post_reset_empty_firestore PASSED [ 38%]
tests/test_identity_legal_gate.py::TestIdentityLegalGate::test_whatsapp_reaction_payload_direct_legal_acceptance PASSED [ 39%]
tests/test_identity_legal_gate.py::TestIdentityLegalGate::test_zero_silent_failures_identity_nulls_in_phase_2 PASSED [ 39%]
tests/test_infra_33_timeout.py::test_timeout_triggers_on_slow_firestore_get PASSED [ 39%]
tests/test_infra_33_timeout.py::test_timeout_exception_is_handled_safely PASSED [ 40%]
tests/test_infra_33_timeout.py::test_gcp_service_unavailable_handled_safely PASSED [ 40%]
tests/test_infra_33_timeout.py::test_normal_operations_not_affected_by_timeout PASSED [ 40%]
tests/test_infra_33_timeout.py::test_timeout_uses_settings_db_timeout PASSED [ 40%]
tests/test_interceptor_blindaje.py::test_interceptor_ref_004_fix_verification PASSED [ 41%]
tests/test_interceptor_blindaje.py::test_interceptor_true_positive PASSED [ 41%]
tests/test_interceptor_blindaje.py::test_interceptor_bypass_synonyms PASSED [ 41%]
tests/test_interceptor_blindaje.py::test_interceptor_bypass_partial_model PASSED [ 41%]
tests/test_json_voorhees.py::TestJsonVoorhees::test_fallback_preserved_minimal PASSED [ 42%]
tests/test_json_voorhees.py::TestJsonVoorhees::test_fix_quotes_and_commas PASSED [ 42%]
tests/test_json_voorhees.py::TestJsonVoorhees::test_sanitize_pii_and_utf8 PASSED [ 42%]
tests/test_json_voorhees.py::TestJsonVoorhees::test_strip_markdown PASSED [ 42%]
tests/test_judge_alias_context.py::test_resolve_query_aliases PASSED     [ 43%]
tests/test_judge_alias_context.py::test_judge_catalog_context_construction_and_evaluation PASSED [ 43%]
tests/test_judge_service.py::test_judge_visual_lock_fail PASSED          [ 43%]
tests/test_judge_service.py::test_judge_visual_lock_fail_image PASSED    [ 43%]
tests/test_judge_service.py::test_judge_visual_lock_success PASSED       [ 44%]
tests/test_judge_service.py::test_judge_one_question_rule PASSED         [ 44%]
tests/test_judge_service.py::test_judge_habeas_data_accepted_violation PASSED [ 44%]
tests/test_judge_service.py::test_judge_city_discovery_fail PASSED       [ 45%]
tests/test_judge_service.py::test_judge_brilla_protocol_fail PASSED      [ 45%]
tests/test_judge_service.py::test_judge_scoring_inconsistency PASSED     [ 45%]
tests/test_judge_service.py::test_judge_link_check_fail PASSED           [ 45%]
tests/test_judge_service.py::test_judge_financial_parity_fake_quota_rejected PASSED [ 46%]
tests/test_judge_service.py::test_judge_financial_parity_correct_quota_approved PASSED [ 46%]
tests/test_judge_service.py::test_judge_financial_parity_no_context_passes PASSED [ 46%]
tests/test_judge_service.py::test_scoring_no_reportado_not_zero PASSED   [ 46%]
tests/test_judge_service.py::test_scoring_reportado_is_zero PASSED       [ 47%]
tests/test_judge_service.py::test_scoring_al_dia_exact_match PASSED      [ 47%]
tests/test_memory_merge.py::test_merge_strategy_preserve_historic_valid PASSED [ 47%]
tests/test_memory_merge.py::test_merge_strategy_latch_true_only PASSED   [ 47%]
tests/test_memory_merge.py::test_merge_strategy_pop_destructive PASSED   [ 48%]
tests/test_memory_merge.py::test_merge_strategy_full_mapping_spanish PASSED [ 48%]
tests/test_memory_merge.py::test_is_valid_helper_logic PASSED            [ 48%]
tests/test_memory_merge.py::test_merge_strategy_spanish_keys_and_no_empty_strings PASSED [ 48%]
tests/test_memory_merge.py::test_generate_and_update_summary_anti_null_masking PASSED [ 49%]
tests/test_memory_stream_coverage.py::test_clear_memory_batch_execution PASSED [ 49%]
tests/test_memory_stream_coverage.py::test_get_chat_history_stream_iteration PASSED [ 49%]
tests/test_min_catalog_items_env.py::test_min_catalog_items_precedence PASSED [ 50%]
tests/test_min_catalog_items_env.py::test_min_catalog_items_fallback PASSED [ 50%]
tests/test_min_catalog_items_env.py::test_min_catalog_items_default PASSED [ 50%]
tests/test_multimodal_similitude.py::test_match_catalog_item_by_image_priority PASSED [ 50%]
tests/test_multimodal_similitude.py::test_match_catalog_item_url_index_o1_no_linear_fallback PASSED [ 51%]
tests/test_multimodal_similitude.py::test_match_catalog_item_url_index_normalization PASSED [ 51%]
tests/test_multimodal_similitude.py::test_parse_vision_pipe_string_normal PASSED [ 51%]
tests/test_multimodal_similitude.py::test_parse_vision_pipe_string_alternate_keys PASSED [ 51%]
tests/test_multimodal_similitude.py::test_parse_vision_pipe_string_fuzzy_order PASSED [ 52%]
tests/test_multimodal_similitude.py::test_parse_vision_pipe_string_empty_and_null PASSED [ 52%]
tests/test_multimodal_similitude.py::test_parse_vision_pipe_string_whitespace_nbsp PASSED [ 52%]
tests/test_multimodal_similitude.py::test_normalize_item_id_key_static PASSED [ 52%]
tests/test_multimodal_similitude.py::test_id_token_set_static PASSED     [ 53%]
tests/test_multimodal_similitude.py::test_af_id_01_exact_id_still_works PASSED [ 53%]
tests/test_multimodal_similitude.py::test_af_id_02_uppercase_id_norm PASSED [ 53%]
tests/test_multimodal_similitude.py::test_af_id_03_hyphenated_id_norm PASSED [ 53%]
tests/test_multimodal_similitude.py::test_af_id_04_commercial_name_as_model_id PASSED [ 54%]
tests/test_multimodal_similitude.py::test_af_id_05_no_moto_detectada_commercial_model_id PASSED [ 54%]
tests/test_multimodal_similitude.py::test_af_id_06_dict_input_commercial_id PASSED [ 54%]
tests/test_multimodal_similitude.py::test_af_id_07_collision_first_candidate_deterministic PASSED [ 55%]
tests/test_multimodal_similitude.py::test_af_id_08_padded_item_exclusion PASSED [ 55%]
tests/test_multimodal_similitude.py::test_af_id_09_formatted_price_preserved PASSED [ 55%]
tests/test_multimodal_similitude.py::test_match_catalog_item_fuzzy_boundary PASSED [ 55%]
tests/test_multimodal_similitude.py::test_match_catalog_item_none_empty_invalid PASSED [ 56%]
tests/test_multimodal_similitude.py::test_match_catalog_item_dict_input PASSED [ 56%]
tests/test_multimodal_similitude.py::test_rehydrate_formatted_price PASSED [ 56%]
tests/test_multimodal_similitude.py::test_vision_service_catalog_serialization_anti_null_masking PASSED [ 56%]
tests/test_multimodal_similitude.py::test_incoming_image_webhook_multimodal_similitude_flow PASSED [ 57%]
tests/test_multimodal_similitude.py::test_image_tech_caption_injects_canonical_ficha_hint PASSED [ 57%]
tests/test_multimodal_similitude.py::test_image_tech_caption_backstop_injects_ficha_when_llm_omits PASSED [ 57%]
tests/test_multimodal_similitude.py::test_image_nontech_caption_no_ficha_injection PASSED [ 57%]
tests/test_notification_service.py::test_whatsapp_alert_uses_configured_api_version PASSED [ 58%]
tests/test_notification_service.py::test_no_hardcoded_graph_api_version_literal PASSED [ 58%]
tests/test_observability_gate.py::test_langfuse_integration_integrity PASSED [ 58%]
tests/test_pcc_ficha_tecnica.py::test_pcc_ficha_tecnica_no_silent_null PASSED [ 58%]
tests/test_pcc_ficha_tecnica.py::test_habeas_data_gate_before_credit_score PASSED [ 59%]
tests/test_pcc_ficha_tecnica.py::test_ficha_tecnica_explicit_content_assertion PASSED [ 59%]
tests/test_pcc_ficha_tecnica.py::test_habeas_bypass_interrupt_e2e PASSED [ 59%]
tests/test_pcc_ficha_tecnica.py::test_resilience_missing_summary_passes_filter PASSED [ 60%]
tests/test_pcc_ficha_tecnica.py::test_resilience_imagen_url_fallback PASSED [ 60%]
tests/test_pcc_ficha_tecnica.py::test_resilience_drift_interceptor_ratio_035 PASSED [ 60%]
tests/test_pcc_ficha_tecnica.py::test_run_checker_faq_bypass PASSED      [ 60%]
tests/test_pcc_ficha_tecnica.py::test_judge_service_faq_bypass PASSED    [ 61%]
tests/test_pcc_ficha_tecnica.py::test_router_faq_bypass_propagation_to_judge PASSED [ 61%]
tests/test_pcc_ficha_tecnica.py::test_brilla_gases_real_firestore_cuotas PASSED [ 61%]
tests/test_pcc_ficha_tecnica.py::test_agility_fusion_exact_parity PASSED [ 61%]
tests/test_pcc_ficha_tecnica.py::test_is_tech_spec_query_detection PASSED [ 62%]
tests/test_pcc_ficha_tecnica.py::test_is_tech_spec_query_no_false_positive_short_tokens PASSED [ 62%]
tests/test_pcc_ficha_tecnica.py::test_is_tech_spec_query_colloquial_lexicon_caption01 PASSED [ 62%]
tests/test_pcc_ficha_tecnica.py::test_run_checker_no_bypass_on_tech_specs PASSED [ 62%]
tests/test_pcc_ficha_tecnica.py::test_run_checker_faq_bypass_without_tech_specs PASSED [ 63%]
tests/test_pcc_ficha_tecnica.py::test_price_anchor_preserved PASSED      [ 63%]
tests/test_pcc_ficha_tecnica.py::test_price_anchor_not_double_applied PASSED [ 63%]
tests/test_pcc_ficha_tecnica.py::test_price_package_anchor_present_in_search PASSED [ 63%]
tests/test_pcc_ficha_tecnica.py::test_apache_160_brilla_golden_parity PASSED [ 64%]
tests/test_pcc_ficha_tecnica.py::test_cc_zero_does_not_assume_125_cc_regression PASSED [ 64%]
tests/test_pcc_ficha_tecnica.py::test_is_abstract_credit_faq_classifier PASSED [ 64%]
tests/test_pcc_ficha_tecnica.py::test_run_checker_credit_faq_abstract_bypass_with_moto_interest PASSED [ 65%]
tests/test_pcc_ficha_tecnica.py::test_run_checker_credit_sim_no_bypass_with_moto_interest PASSED [ 65%]
tests/test_pcc_ficha_tecnica.py::test_run_checker_historial_reportado_bypass_with_moto_interest PASSED [ 65%]
tests/test_pcc_ficha_tecnica.py::test_create_tools_omits_credit_when_faq_abstract PASSED [ 65%]
tests/test_pcc_ficha_tecnica.py::test_run_checker_fiador_bypass_with_moto_interest PASSED [ 66%]
tests/test_pcc_ficha_tecnica.py::test_raider_125_brilla_post_fix_414444 PASSED [ 66%]
tests/test_pcc_ficha_tecnica.py::test_raider_125_anti_regression_416086 PASSED [ 66%]
tests/test_pcc_ficha_tecnica.py::test_classify_credit_turn_fragments PASSED [ 66%]
tests/test_pcc_ficha_tecnica.py::test_get_registration_cost_exact_cc_band[99.7-None-700000] PASSED [ 67%]
tests/test_pcc_ficha_tecnica.py::test_get_registration_cost_exact_cc_band[124.7-None-780000] PASSED [ 67%]
tests/test_pcc_ficha_tecnica.py::test_get_registration_cost_exact_cc_band[125.0-None-860000] PASSED [ 67%]
tests/test_pcc_ficha_tecnica.py::test_get_registration_cost_exact_cc_band[159.7-None-860000] PASSED [ 67%]
tests/test_pcc_ficha_tecnica.py::test_get_registration_cost_exact_cc_band[201.0-None-1340000] PASSED [ 68%]
tests/test_pcc_ficha_tecnica.py::test_get_registration_cost_exact_cc_band[99.7-URBANA Y/O TRABAJO-700000] PASSED [ 68%]
tests/test_pcc_ficha_tecnica.py::test_get_registration_cost_exact_cc_band[None-ELECTRICA-460000] PASSED [ 68%]
tests/test_pcc_ficha_tecnica.py::test_get_registration_cost_exact_cc_band[None-MOTOCARRO Y/O MOTOCARGUERO-1050000] PASSED [ 68%]
tests/test_pcc_ficha_tecnica.py::test_get_registration_cost_no_hardcoded_override PASSED [ 69%]
tests/test_pcc_ficha_tecnica.py::test_build_commercial_price_sport_100_zero_ninety_nine_band PASSED [ 69%]
tests/test_pcc_ficha_tecnica.py::test_pcc_pro_regex_validators_dynamic_catalog PASSED [ 69%]
tests/test_pcc_ficha_tecnica.py::test_pcc_pro_regex_mutation_checks PASSED [ 70%]
tests/test_pcc_ficha_tecnica.py::test_pensar_respuesta_faq_only_brake_block_e2e PASSED [ 70%]
tests/test_pcc_ficha_tecnica.py::test_pensar_respuesta_mixed_turn_keeps_credit_tool PASSED [ 70%]
tests/test_perf_45.py::test_fallback_price_parsing PASSED                [ 70%]
tests/test_perf_45.py::test_missing_both_prices_raises_error PASSED      [ 71%]
tests/test_perf_45.py::test_catalog_retains_ficha_tecnica PASSED         [ 71%]
tests/test_perf_45.py::test_search_catalog_tool_execution_retains_ficha_tecnica PASSED [ 71%]
tests/test_perf_45.py::test_search_catalog_tool_execution_raises_error_on_missing_critical_keys PASSED [ 71%]
tests/test_persistence_sync_042.py::test_memory_service_sync_and_content_assertion PASSED [ 72%]
tests/test_persistence_unification.py::test_extraction_schema_keys_accepted_by_merge PASSED [ 72%]
tests/test_persistence_unification.py::test_ficha_tecnica_not_empty_or_none PASSED [ 72%]
tests/test_persistence_unification.py::test_ficha_tecnica_rejects_none_summary PASSED [ 72%]
tests/test_persistence_unification.py::test_no_mensajeria_collection_in_memory_service PASSED [ 73%]
tests/test_persistence_unification.py::test_no_mensajeria_collection_in_survey_service PASSED [ 73%]
tests/test_persistence_unification.py::test_no_mensajeria_collection_in_whatsapp_router PASSED [ 73%]
tests/test_persistence_unification.py::test_save_message_uses_prospectos_historial PASSED [ 73%]
tests/test_persistence_unification.py::test_get_chat_history_uses_prospectos_historial PASSED [ 74%]
tests/test_pii_high_fidelity.py::TestPIIHighFidelity::test_high_fidelity_schema_cleaning PASSED [ 74%]
tests/test_pii_high_fidelity.py::TestPIIHighFidelity::test_pii_sanitize_fields_contract_with_regex_validators PASSED [ 74%]
tests/test_pii_high_fidelity.py::TestPIIHighFidelity::test_pii_validators_mutation_checks PASSED [ 75%]
tests/test_ponytail_parametrization.py::TestPonytailSchema::test_extra_schema_includes_ponytail_keys PASSED [ 75%]
tests/test_ponytail_parametrization.py::TestPonytailSchema::test_ponytail_keys_not_in_required PASSED [ 75%]
tests/test_ponytail_parametrization.py::TestPonytailSchema::test_ponytail_status_is_string_type PASSED [ 75%]
tests/test_ponytail_parametrization.py::TestPonytailSchema::test_ponytail_score_is_string_type PASSED [ 76%]
tests/test_ponytail_parametrization.py::TestPonytailStateMachine::test_uninitialized_when_no_prospect_data PASSED [ 76%]
tests/test_ponytail_parametrization.py::TestPonytailStateMachine::test_uninitialized_when_no_moto_interest PASSED [ 76%]
tests/test_ponytail_parametrization.py::TestPonytailStateMachine::test_pending_when_moto_interest_set PASSED [ 76%]
tests/test_ponytail_parametrization.py::TestPonytailStateMachine::test_in_progress_when_moto_confirmada PASSED [ 77%]
tests/test_ponytail_parametrization.py::TestPonytailStateMachine::test_completed_when_moto_confirmada_and_forma_pago PASSED [ 77%]
tests/test_ponytail_parametrization.py::TestPonytailStateMachine::test_deprioritized_when_human_help_requested PASSED [ 77%]
tests/test_ponytail_parametrization.py::TestPonytailDefensiveInitialization::test_defensive_initialization_adds_missing_keys PASSED [ 77%]
tests/test_ponytail_parametrization.py::TestPonytailDefensiveInitialization::test_defensive_initialization_preserves_existing_keys PASSED [ 78%]
tests/test_ponytail_parametrization.py::TestPonytailScoreComputation::test_ponytail_score_clamped_to_100 PASSED [ 78%]
tests/test_ponytail_parametrization.py::TestPonytailScoreComputation::test_ponytail_score_clamped_to_0 PASSED [ 78%]
tests/test_ponytail_parametrization.py::TestPonytailScoreComputation::test_ponytail_score_rounds_correctly PASSED [ 78%]
tests/test_ponytail_parametrization.py::TestPonytailEvaluateProfile::test_evaluate_profile_includes_ponytail_score PASSED [ 79%]
tests/test_ponytail_parametrization.py::TestPonytailNoRegression::test_skip_greeting_unchanged PASSED [ 79%]
tests/test_ponytail_parametrization.py::TestPonytailNoRegression::test_historical_crm_fields_not_renamed PASSED [ 79%]
tests/test_ponytail_parametrization.py::TestPonytailNoRegression::test_habeas_data_bypass_interrupt_unchanged PASSED [ 80%]
tests/test_ponytail_parametrization.py::TestPonytailPersistence::test_reaction_intercept_persists_ponytail_pending PASSED [ 80%]
tests/test_ponytail_parametrization.py::TestPonytailPersistence::test_moto_detection_persists_ponytail_pending PASSED [ 80%]
tests/test_ponytail_parametrization.py::TestPonytailPersistence::test_human_handoff_persists_ponytail_deprioritized PASSED [ 80%]
tests/test_price_consolidation.py::test_price_consolidation PASSED       [ 81%]
tests/test_proactive_credit.py::TestProactiveCredit::test_deterministic_insurance_fallback PASSED [ 81%]
tests/test_proactive_credit.py::TestProactiveCredit::test_phase1_includes_credit_tool PASSED [ 81%]
tests/test_proactive_credit.py::TestProactiveCredit::test_phase1_rejects_credit_tool_execution PASSED [ 81%]
tests/test_proactive_credit.py::TestProactiveCredit::test_phase2_includes_credit_tool PASSED [ 82%]
tests/test_race_condition_fix.py::TestRaceConditionFix::test_no_regex_amnesia PASSED [ 82%]
tests/test_race_condition_fix.py::TestRaceConditionFix::test_respects_prospect_data_name PASSED [ 82%]
tests/test_read_asymmetry.py::test_template_sanitization_initialization PASSED [ 82%]
tests/test_read_asymmetry.py::test_reverse_mapping_retrieval PASSED      [ 83%]
tests/test_read_asymmetry.py::test_collision_neutralization_priority PASSED [ 83%]
tests/test_refresh_atomicity.py::test_core_stress_no_torn_reads_under_concurrent_refresh PASSED [ 83%]
tests/test_refresh_atomicity.py::test_core_deterministic_no_intermediate_state_during_fetch PASSED [ 83%]
tests/test_refresh_atomicity.py::test_core_failure_injection_no_transient_defaults_and_final_fallback_preserved PASSED [ 84%]
tests/test_refresh_atomicity.py::test_finance_stress_pair_consistency PASSED [ 84%]
tests/test_refresh_atomicity.py::test_finance_deterministic_no_intermediate_state PASSED [ 84%]
tests/test_refresh_atomicity.py::test_core_getters_never_acquire_write_lock PASSED [ 85%]
tests/test_refresh_atomicity.py::test_finance_getters_never_acquire_write_lock PASSED [ 85%]
tests/test_regression_203.py::test_credit_faq_desanidado_datacredito_bypass PASSED [ 85%]
tests/test_regression_203.py::test_is_abstract_credit_faq_ssot_still_rejects_simulations PASSED [ 85%]
tests/test_regression_203.py::test_boxer_competitor_tool_loop_returns_alternative PASSED [ 86%]
tests/test_regression_203.py::test_boxer_competitor_bypasses_drift_interceptor PASSED [ 86%]
tests/test_regression_203.py::test_raider_125_helper_path_414444 PASSED  [ 86%]
tests/test_reset_concurrency_storm.py::test_reset_concurrency_storm_and_metadata_fluidity PASSED [ 86%]
tests/test_reset_flow.py::test_create_prospect_initializes_habeas_data_accepted_false PASSED [ 87%]
tests/test_reset_flow.py::test_merge_after_reset_does_not_latch_true PASSED [ 87%]
tests/test_reset_flow.py::test_merge_still_latches_true_if_already_true PASSED [ 87%]
tests/test_reset_flow.py::test_delete_prospect_completely_flow PASSED    [ 87%]
tests/test_robots.py::test_robots_txt PASSED                             [ 88%]
tests/test_router_concurrency.py::test_concurrent_webhook_idempotency PASSED [ 88%]
tests/test_semantic_cache.py::test_semantic_cache_exact_hit PASSED       [ 88%]
tests/test_semantic_cache.py::test_semantic_cache_fuzzy_hit PASSED       [ 88%]
tests/test_semantic_cache.py::test_semantic_cache_miss PASSED            [ 89%]
tests/test_semantic_cache.py::test_semantic_cache_normalization PASSED   [ 89%]
tests/test_semantic_cache.py::test_catalog_service_search_interception PASSED [ 89%]
tests/test_semantic_plumbing.py::test_synonym_injection_present_when_aliases_exist PASSED [ 90%]
tests/test_semantic_plumbing.py::test_synonym_injection_absent_when_no_aliases PASSED [ 90%]
tests/test_semantic_plumbing.py::test_credit_blind_rule_preserved_in_phase1 PASSED [ 90%]
tests/test_semantic_plumbing.py::test_credit_blind_rule_preserved_in_phase2 PASSED [ 90%]
tests/test_semantic_plumbing.py::test_hard_cap_logic_truncation PASSED   [ 91%]
tests/test_semantic_plumbing.py::test_catalog_aliases_flatten_indexed_dict PASSED [ 91%]
tests/test_semantic_plumbing.py::test_catalog_aliases_returns_empty_when_no_aliases PASSED [ 91%]
tests/test_semantic_plumbing.py::test_catalog_service_get_catalog_aliases_flattening PASSED [ 91%]
tests/test_startup_lock.py::test_webhook_handler_rejects_with_503_if_catalog_not_fully_loaded PASSED [ 92%]
tests/test_startup_lock.py::test_task_processor_rejects_with_503_if_catalog_not_fully_loaded PASSED [ 92%]
tests/test_startup_lock.py::test_startup_lifespan_timeout_recovers_and_commits_catalog_ready PASSED [ 92%]
tests/test_startup_lock.py::test_startup_lifespan_init_failure_keeps_catalog_ready_false PASSED [ 92%]
tests/test_startup_lock.py::test_startup_lifespan_catalog_size_check_fails_in_production PASSED [ 93%]
tests/test_startup_lock.py::test_startup_lifespan_successful_initialization_sets_catalog_ready_true PASSED [ 93%]
tests/test_startup_lock.py::test_deferred_init_port_available_before_hydration PASSED [ 93%]
tests/test_startup_lock.py::test_health_returns_starting_immediately_when_catalog_empty_before_hydration PASSED [ 93%]
tests/test_startup_lock.py::test_main_module_import_time PASSED          [ 94%]
tests/test_startup_lock.py::test_health_endpoint_never_returns_503_during_hydration PASSED [ 94%]
tests/test_startup_lock.py::test_settings_token_stripping PASSED         [ 94%]
tests/test_trace_propagation.py::test_handle_message_background_is_decorated PASSED [ 95%]
tests/test_trace_propagation.py::test_trace_propagation_context_update PASSED [ 95%]
tests/test_trace_propagation.py::test_langfuse_context_shim_methods PASSED [ 95%]
tests/test_vision_service.py::test_vision_service_initialization PASSED  [ 95%]
tests/test_vision_service.py::test_vision_service_null_payload_error PASSED [ 96%]
tests/test_webhook_burst_load.py::test_10_concurrent_webhooks_no_deadlock PASSED [ 96%]
tests/test_webhook_sync_block.py::test_webhook_handler_synchronous_blocking PASSED [ 96%]
tests/test_webhook_sync_block.py::test_content_assertions_no_silent_none PASSED [ 96%]
tests/test_webhook_sync_block.py::test_webhook_cloud_tasks_enqueuing PASSED [ 97%]
tests/test_webhook_sync_block.py::test_task_processor_synchronous_execution PASSED [ 97%]
tests/test_webhook_sync_block.py::test_webhook_no_redundant_config_load PASSED [ 97%]
tests/test_webhook_sync_block.py::test_webhook_handler_status_delegation_to_background PASSED [ 97%]
tests/test_webhook_sync_block.py::test_dynamic_greeting_evaluation_across_all_branches PASSED [ 98%]
tests/test_webhook_sync_block.py::test_inferred_state_reset_consistency PASSED [ 98%]
tests/test_zero_silent_failures_whatsapp.py::test_whatsapp_save_message_propagates_logic_error PASSED [ 98%]
tests/test_zero_silent_failures_whatsapp.py::test_whatsapp_save_message_handles_network_error PASSED [ 98%]
tests/test_zero_silent_failures_whatsapp.py::test_whatsapp_handle_message_structured_forensic_logging PASSED [ 99%]
tests/test_zero_silent_failures_whatsapp.py::test_whatsapp_handle_message_habeas_data_bypass_interrupt PASSED [ 99%]
tests/test_zombie_recovery_flow.py::test_handle_message_background_zombie_recovery PASSED [ 99%]
tests/test_zombie_recovery_flow.py::test_handle_message_background_post_reset_recovery PASSED [100%]

============================= slowest 20 durations =============================
6.27s call     tests/test_pcc_ficha_tecnica.py::test_brilla_gases_real_firestore_cuotas
6.22s call     tests/test_pcc_ficha_tecnica.py::test_agility_fusion_exact_parity
4.63s call     tests/test_regression_203.py::test_boxer_competitor_tool_loop_returns_alternative
4.06s call     tests/test_regression_203.py::test_raider_125_helper_path_414444
3.68s call     tests/test_pcc_ficha_tecnica.py::test_raider_125_anti_regression_416086
3.60s call     tests/test_pcc_ficha_tecnica.py::test_cc_zero_does_not_assume_125_cc_regression
3.58s call     tests/test_pcc_ficha_tecnica.py::test_raider_125_brilla_post_fix_414444
3.33s call     tests/test_pcc_ficha_tecnica.py::test_apache_160_brilla_golden_parity
2.72s call     tests/test_startup_lock.py::test_startup_lifespan_timeout_recovers_and_commits_catalog_ready
2.53s call     tests/test_startup_lock.py::test_health_returns_starting_immediately_when_catalog_empty_before_hydration
2.53s call     tests/test_startup_lock.py::test_deferred_init_port_available_before_hydration
2.06s setup    tests/test_api_bounds.py::test_webhook_signature_invalid
2.05s setup    tests/test_api_bounds.py::test_webhook_signature_missing
2.05s setup    tests/test_robots.py::test_robots_txt
2.05s setup    tests/test_health_check.py::test_health_check_with_uninitialized_state
2.05s setup    tests/test_health_check.py::test_health_check_with_initialized_state
2.02s setup    tests/test_api_bounds.py::test_webhook_signature_valid
2.00s call     tests/test_startup_lock.py::test_startup_lifespan_successful_initialization_sets_catalog_ready_true
2.00s call     tests/test_startup_lock.py::test_startup_lifespan_catalog_size_check_fails_in_production
2.00s call     tests/test_startup_lock.py::test_startup_lifespan_init_failure_keeps_catalog_ready_false
========= 378 passed, 2 skipped, 2 subtests passed in 73.99s (0:01:13) =========
